<?xml version="1.0" encoding="UTF-8"?>
<testsuite xmlns:xsi="http://www.w3.org/2001/XMLSchema-instance" xsi:noNamespaceSchemaLocation="https://maven.apache.org/surefire/maven-surefire-plugin/xsd/surefire-test-report.xsd" name="fantasytennisjava.AppTest" time="0.028" tests="2" errors="0" skipped="0" failures="1">
  <properties>
    <property name="sun.desktop" value="windows"/>
    <property name="awt.toolkit" value="sun.awt.windows.WToolkit"/>
    <property name="file.encoding.pkg" value="sun.io"/>
    <property name="java.specification.version" value="1.8"/>
    <property name="sun.cpu.isalist" value="amd64"/>
    <property name="sun.jnu.encoding" value="Cp1252"/>
    <property name="java.class.path" value="c:\FantasyTennisJava\FantasyTennisJava\target\test-classes;c:\FantasyTennisJava\FantasyTennisJava\target\classes;C:\Users\natha\.m2\repository\junit\junit\4.11\junit-4.11.jar;C:\Users\natha\.m2\repository\org\hamcrest\hamcrest-core\1.3\hamcrest-core-1.3.jar;C:\Users\natha\.m2\repository\org\jsoup\jsoup\1.12.1\jsoup-1.12.1.jar;"/>
    <property name="java.vm.vendor" value=""/>
    <property name="sun.arch.data.model" value="64"/>
    <property name="user.variant" value=""/>
    <property name="java.vendor.url" value="http://java.oracle.com/"/>
    <property name="user.timezone" value="America/New_York"/>
    <property name="java.vm.specification.version" value="1.8"/>
    <property name="os.name" value="Windows 10"/>
    <property name="user.country" value="US"/>
    <property name="sun.java.launcher" value="SUN_STANDARD"/>
    <property name="sun.boot.library.path" value="D:\java-1.8.0-openjdk-1.8.0.232-3.b09.redhat.windows.x86_64\jre\bin"/>
    <property name="sun.java.command" value="C:\Users\natha\AppData\Local\Temp\surefire5153358152093104310\surefirebooter4042449321223133488.jar C:\Users\natha\AppData\Local\Temp\surefire5153358152093104310 2019-10-29T18-45-26_035-jvmRun1 surefire3022501977434435840tmp surefire_08833274126071655346tmp"/>
    <property name="surefire.test.class.path" value="c:\FantasyTennisJava\FantasyTennisJava\target\test-classes;c:\FantasyTennisJava\FantasyTennisJava\target\classes;C:\Users\natha\.m2\repository\junit\junit\4.11\junit-4.11.jar;C:\Users\natha\.m2\repository\org\hamcrest\hamcrest-core\1.3\hamcrest-core-1.3.jar;C:\Users\natha\.m2\repository\org\jsoup\jsoup\1.12.1\jsoup-1.12.1.jar;"/>
    <property name="sun.cpu.endian" value="little"/>
    <property name="user.home" value="C:\Users\natha"/>
    <property name="user.language" value="en"/>
    <property name="java.specification.vendor" value="Oracle Corporation"/>
    <property name="java.home" value="D:\java-1.8.0-openjdk-1.8.0.232-3.b09.redhat.windows.x86_64\jre"/>
    <property name="basedir" value="c:\FantasyTennisJava\FantasyTennisJava"/>
    <property name="file.separator" value="\"/>
    <property name="line.separator" value="&#10;"/>
    <property name="java.vm.specification.vendor" value="Oracle Corporation"/>
    <property name="java.specification.name" value="Java Platform API Specification"/>
    <property name="java.awt.graphicsenv" value="sun.awt.Win32GraphicsEnvironment"/>
    <property name="surefire.real.class.path" value="C:\Users\natha\AppData\Local\Temp\surefire5153358152093104310\surefirebooter4042449321223133488.jar"/>
    <property name="sun.boot.class.path" value="D:\java-1.8.0-openjdk-1.8.0.232-3.b09.redhat.windows.x86_64\jre\lib\resources.jar;D:\java-1.8.0-openjdk-1.8.0.232-3.b09.redhat.windows.x86_64\jre\lib\rt.jar;D:\java-1.8.0-openjdk-1.8.0.232-3.b09.redhat.windows.x86_64\jre\lib\sunrsasign.jar;D:\java-1.8.0-openjdk-1.8.0.232-3.b09.redhat.windows.x86_64\jre\lib\jsse.jar;D:\java-1.8.0-openjdk-1.8.0.232-3.b09.redhat.windows.x86_64\jre\lib\jce.jar;D:\java-1.8.0-openjdk-1.8.0.232-3.b09.redhat.windows.x86_64\jre\lib\charsets.jar;D:\java-1.8.0-openjdk-1.8.0.232-3.b09.redhat.windows.x86_64\jre\lib\jfr.jar;D:\java-1.8.0-openjdk-1.8.0.232-3.b09.redhat.windows.x86_64\jre\classes"/>
    <property name="user.script" value=""/>
    <property name="sun.management.compiler" value="HotSpot 64-Bit Tiered Compilers"/>
    <property name="java.runtime.version" value="1.8.0_232-b09"/>
    <property name="user.name" value="natha"/>
    <property name="path.separator" value=";"/>
    <property name="os.version" value="10.0"/>
    <property name="java.endorsed.dirs" value="D:\java-1.8.0-openjdk-1.8.0.232-3.b09.redhat.windows.x86_64\jre\lib\endorsed"/>
    <property name="java.runtime.name" value="OpenJDK Runtime Environment"/>
    <property name="file.encoding" value="Cp1252"/>
    <property name="java.vm.name" value="OpenJDK 64-Bit Server VM"/>
    <property name="localRepository" value="C:\Users\natha\.m2\repository"/>
    <property name="java.vendor.url.bug" value="http://bugreport.sun.com/bugreport/"/>
    <property name="java.io.tmpdir" value="C:\Users\natha\AppData\Local\Temp\"/>
    <property name="java.version" value="1.8.0_232"/>
    <property name="user.dir" value="c:\FantasyTennisJava\FantasyTennisJava"/>
    <property name="os.arch" value="amd64"/>
    <property name="java.vm.specification.name" value="Java Virtual Machine Specification"/>
    <property name="java.awt.printerjob" value="sun.awt.windows.WPrinterJob"/>
    <property name="sun.os.patch.level" value=""/>
    <property name="java.library.path" value="D:\java-1.8.0-openjdk-1.8.0.232-3.b09.redhat.windows.x86_64\jre\bin;C:\WINDOWS\Sun\Java\bin;C:\WINDOWS\system32;C:\WINDOWS;C:\Program Files (x86)\Common Files\Oracle\Java\javapath;C:\WINDOWS\system32;C:\WINDOWS;C:\WINDOWS\System32\Wbem;C:\WINDOWS\System32\WindowsPowerShell\v1.0\;C:\WINDOWS\System32\OpenSSH\;C:\Program Files\CMake\bin;C:\Program Files\Microsoft SQL Server\110\Tools\Binn\;C:\Program Files\Git\cmd;C:\Program Files\nodejs\;C:\Ruby26-x64\bin;C:\Users\natha\AppData\Local\Programs\Python\Python37-32\Scripts\;C:\Users\natha\AppData\Local\Programs\Python\Python37-32\;C:\Users\natha\AppData\Local\Microsoft\WindowsApps;C:\Users\natha\AppData\Local\Programs\Microsoft VS Code\bin;D:\Program Files\MiKTeX 2.9\miktex\bin\x64\;C:\Users\natha\AppData\Local\GitHubDesktop\bin;C:\Program Files\ctags;C:\Users\natha\AppData\Roaming\npm;D:\Qt\5.12.3\msvc2017_64\bin;C:\Program Files\R\R-3.6.1\bin\x64;C:\Users\natha\AppData\Local\Microsoft\WindowsApps;C:\Program Files (x86)\Graphviz2.38\bin;D:\java-1.8.0-openjdk-1.8.0.232-3.b09.redhat.windows.x86_64\bin;D:\apache-maven-3.6.2;;."/>
    <property name="java.vm.info" value="mixed mode"/>
    <property name="java.vendor" value="Oracle Corporation"/>
    <property name="java.vm.version" value="25.232-b09"/>
    <property name="java.ext.dirs" value="D:\java-1.8.0-openjdk-1.8.0.232-3.b09.redhat.windows.x86_64\jre\lib\ext;C:\WINDOWS\Sun\Java\lib\ext"/>
    <property name="sun.io.unicode.encoding" value="UnicodeLittle"/>
    <property name="java.class.version" value="52.0"/>
  </properties>
  <testcase name="shouldAnswerWithTrue" classname="fantasytennisjava.AppTest" time="0.001"/>
  <testcase name="shouldFail" classname="fantasytennisjava.AppTest" time="0.003">
    <failure type="java.lang.AssertionError">java.lang.AssertionError
	at fantasytennisjava.AppTest.shouldFail(AppTest.java:16)
</failure>
  </testcase>
</testsuite>